Namespace(n_epochs=200, batch_size=64, lr=5e-05, n_cpu=8, latent_dim=100, img_size=32, channels=3, n_critic=5, clip_value=0.01, sample_interval=400, tau=0.0, sling=1.0, opt_level=3)
0 -0.00454263761639595 -0.00454263761639595
400 -1.3666459321975708 -1.3678905963897705
800 -4.784614086151123 -4.784614086151123
1200 -5.92470645904541 -5.926246166229248
1600 1.706310749053955 1.706310749053955
2000 -4.163557529449463 -4.165443420410156
2400 -6.14584493637085 -6.14584493637085
2800 -6.143142223358154 -6.144781589508057
3200 -0.5697966814041138 -0.5697966814041138
3600 -0.32287126779556274 -0.32443320751190186
4000 -3.7100892066955566 -3.7100892066955566
4400 -3.1435306072235107 -3.1449954509735107
4800 -2.3994476795196533 -2.3994476795196533
5200 -4.891477584838867 -4.893651962280273
5600 -1.687352180480957 -1.687352180480957
6000 -0.9352667331695557 -0.9369189739227295
6400 -2.7041263580322266 -2.7041263580322266
6800 -3.0347225666046143 -3.0358476638793945
7200 -2.7759759426116943 -2.7759759426116943
7600 -1.9413498640060425 -1.9432984590530396
8000 -1.5047757625579834 -1.5047757625579834
8400 -2.4719736576080322 -2.474125385284424
8800 -2.4798927307128906 -2.4798927307128906
9200 -2.167279005050659 -2.1692826747894287
9600 -2.5224361419677734 -2.5224361419677734
10000 -1.266031265258789 -1.267667531967163
10400 -2.507765531539917 -2.507765531539917
10800 -1.8237019777297974 -1.8256566524505615
11200 -2.64151668548584 -2.64151668548584
11600 -0.1450667828321457 -0.14722061157226562
12000 -0.7020292282104492 -0.7020292282104492
12400 -1.789459228515625 -1.7911639213562012
12800 -2.131070375442505 -2.131070375442505
13200 -1.793694019317627 -1.795639157295227
13600 -0.1162818968296051 -0.1162818968296051
14000 -0.9039942026138306 -0.9060366749763489
14400 -0.6811587810516357 -0.6811587810516357
14800 -0.688742995262146 -0.6906255483627319
15200 -2.111473560333252 -2.111473560333252
15600 -0.6499192118644714 -0.6517525315284729
16000 -1.347183108329773 -1.347183108329773
16400 -1.1728273630142212 -1.1748002767562866
16800 -0.8281182050704956 -0.8281182050704956
17200 -1.06098473072052 -1.062613844871521
17600 -1.5407092571258545 -1.5407092571258545
18000 -1.1183418035507202 -1.1234567165374756
18400 -2.1526570320129395 -2.1526570320129395
18800 -0.05863140523433685 -0.06497514247894287
19200 -0.6372051239013672 -0.6372051239013672
19600 -1.249849796295166 -1.2546427249908447
20000 -1.7469356060028076 -1.7469356060028076
20400 -1.428908348083496 -1.4338469505310059
20800 -1.4783122539520264 -1.4783122539520264
21200 -1.9683222770690918 -1.9735097885131836
21600 -1.2195338010787964 -1.2195338010787964
22000 -1.4186333417892456 -1.4250925779342651
22400 -2.211282253265381 -2.211282253265381
22800 -1.31574547290802 -1.321149468421936
23200 -1.0115222930908203 -1.0115222930908203
23600 -1.5850276947021484 -1.5917739868164062
24000 -1.296915054321289 -1.296915054321289
24400 -1.2549687623977661 -1.2584971189498901
24800 -1.579345464706421 -1.579345464706421
25200 -1.5359594821929932 -1.5399852991104126
25600 -0.7007952332496643 -0.7007952332496643
26000 -1.4796502590179443 -1.4842592477798462
26400 -1.5807448625564575 -1.5807448625564575
26800 -1.1626513004302979 -1.1673307418823242
27200 -1.0110690593719482 -1.0110690593719482
27600 -1.4837496280670166 -1.4887585639953613
28000 -1.622257947921753 -1.622257947921753
28400 -1.3802582025527954 -1.3840296268463135
28800 -1.274803876876831 -1.274803876876831
29200 -0.7902811765670776 -0.7953380942344666
29600 -0.9742656350135803 -0.9742656350135803
30000 -0.8807114362716675 -0.8861638903617859
30400 -1.2680877447128296 -1.2680877447128296
30800 -1.12697434425354 -1.131311297416687
31200 -1.1208760738372803 -1.1208760738372803
31600 -1.3408479690551758 -1.345524787902832
32000 -1.6110190153121948 -1.6110190153121948
32400 -1.4293869733810425 -1.4342890977859497
32800 -1.0458515882492065 -1.0458515882492065
33200 -0.7491766810417175 -0.7559309601783752
33600 -1.0809613466262817 -1.0809613466262817
34000 -1.2323707342147827 -1.2371149063110352
34400 -1.2856520414352417 -1.2856520414352417
34800 -0.8725018501281738 -0.8784691691398621
35200 -1.280574917793274 -1.2822840213775635
35600 -1.0935289859771729 -1.09811532497406
36000 -1.2374920845031738 -1.239319920539856
36400 -1.2565510272979736 -1.2611557245254517
36800 -0.7006717324256897 -0.7028684616088867
37200 -1.2883912324905396 -1.292878270149231
37600 -1.2017426490783691 -1.2033021450042725
38000 -0.8315126299858093 -0.8364875316619873
38400 -1.2045596837997437 -1.206223964691162
38800 -1.3392666578292847 -1.344346284866333
39200 -1.1590590476989746 -1.1608988046646118
39600 -0.8602758646011353 -0.8651360273361206
40000 -1.419848084449768 -1.4218264818191528
40400 -1.0188745260238647 -1.024092674255371
40800 -0.6838932037353516 -0.6861344575881958
41200 -0.831838846206665 -0.8362524509429932
41600 -1.2472319602966309 -1.2493643760681152
42000 -0.7174311876296997 -0.7231591939926147
42400 -1.178995966911316 -1.1803944110870361
42800 -1.0373717546463013 -1.0425537824630737
43200 -1.2016403675079346 -1.2035003900527954
43600 -1.3621392250061035 -1.3658051490783691
44000 -0.9634012579917908 -0.9649786353111267
44400 -1.0416744947433472 -1.0463330745697021
44800 -1.0867650508880615 -1.0881613492965698
45200 -0.9553635120391846 -0.9607548117637634
45600 -0.9864168167114258 -0.9883419871330261
46000 -0.9633938074111938 -0.9675991535186768
46400 -0.9953082799911499 -0.9972118139266968
46800 -0.8632096648216248 -0.8675277233123779
47200 -1.3556441068649292 -1.3570109605789185
47600 -1.1089516878128052 -1.1144144535064697
48000 -0.9900788068771362 -0.9918038249015808
48400 -1.06369149684906 -1.068235993385315
48800 -1.1435494422912598 -1.145948886871338
49200 -0.9663477540016174 -0.9722907543182373
49600 -1.0972336530685425 -1.0986863374710083
50000 -1.087868571281433 -1.091502070426941
50400 -1.0621885061264038 -1.0639687776565552
50800 -0.8344409465789795 -0.8389256596565247
51200 -1.0346214771270752 -1.035935640335083
51600 -0.9480080604553223 -0.9528330564498901
52000 -1.1315131187438965 -1.1333390474319458
52400 -1.027039885520935 -1.027039885520935
52800 -0.6317702531814575 -0.6334875226020813
53200 -1.0412795543670654 -1.0412795543670654
53600 -1.0642062425613403 -1.0663042068481445
54000 -0.8660622239112854 -0.8660622239112854
54400 -1.0743709802627563 -1.0763015747070312
54800 -0.6852902173995972 -0.6852902173995972
55200 -0.9178351163864136 -0.9196557998657227
55600 -1.200657844543457 -1.200657844543457
56000 -0.6755104660987854 -0.6770144701004028
56400 -1.1569738388061523 -1.1569738388061523
56800 -0.8259796500205994 -0.827443540096283
