Namespace(n_epochs=200, batch_size=64, lr=5e-05, n_cpu=8, latent_dim=100, img_size=32, channels=3, n_critic=5, clip_value=0.01, sample_interval=400, tau=0.001)
0 -0.03635174408555031 -0.03635280951857567
400 -3.8081839084625244 -3.9129323959350586
800 -3.046097755432129 -3.0680530071258545
1200 1.3695111274719238 1.2411894798278809
1600 -1.8580522537231445 -1.8916586637496948
2000 -1.6991918087005615 -1.7142541408538818
2400 -2.915093421936035 -2.9239330291748047
2800 -4.131258010864258 -4.148460865020752
3200 -1.1659622192382812 -1.1735656261444092
3600 -2.0863492488861084 -2.0910959243774414
4000 -2.270662307739258 -2.3148279190063477
4400 -1.3115904331207275 -1.3212943077087402
4800 -2.1538877487182617 -2.1667544841766357
5200 -1.272049903869629 -1.2787017822265625
5600 -1.063800573348999 -1.0702052116394043
6000 -1.8066902160644531 -1.8100945949554443
6400 -1.475945234298706 -1.480628490447998
6800 -1.631616234779358 -1.6397515535354614
7200 -2.895508289337158 -2.902944564819336
7600 -2.156607151031494 -2.1613423824310303
8000 -0.5049769878387451 -0.5157294273376465
8400 -1.1520278453826904 -1.1554040908813477
8800 -1.2322006225585938 -1.234513521194458
9200 -1.1666611433029175 -1.1707793474197388
9600 -1.6317813396453857 -1.6361392736434937
10000 -1.151911735534668 -1.1558265686035156
10400 -1.4940705299377441 -1.497603178024292
10800 -1.206474781036377 -1.2117570638656616
11200 -1.1917364597320557 -1.1965445280075073
11600 -1.840149164199829 -1.8479633331298828
12000 -2.0127270221710205 -2.0181148052215576
12400 -2.1852359771728516 -2.190335988998413
12800 -1.7288376092910767 -1.732448697090149
13200 -1.9971144199371338 -2.00026798248291
13600 -2.164821147918701 -2.169384479522705
14000 -1.4631761312484741 -1.4685044288635254
14400 -1.3943978548049927 -1.3986268043518066
14800 -1.4237130880355835 -1.4271697998046875
15200 -1.5337417125701904 -1.5389971733093262
15600 -1.5514280796051025 -1.5546547174453735
16000 -2.039093017578125 -2.043083667755127
16400 -1.3552173376083374 -1.358135461807251
16800 -2.0246999263763428 -2.0284299850463867
17200 -1.8070870637893677 -1.8113510608673096
17600 -1.140738844871521 -1.1431220769882202
18000 -1.47356116771698 -1.47691810131073
18400 -1.2908425331115723 -1.2930153608322144
18800 -1.0862517356872559 -1.0893596410751343
19200 -1.652963399887085 -1.6561352014541626
19600 -1.234351634979248 -1.2382395267486572
20000 -1.4357420206069946 -1.4373493194580078
20400 -1.3586268424987793 -1.3608920574188232
20800 -1.288288950920105 -1.289949893951416
21200 -1.6325576305389404 -1.6345490217208862
21600 -0.3784581422805786 -0.38071155548095703
22000 -2.2149124145507812 -2.218085289001465
22400 -1.1401114463806152 -1.14212965965271
22800 -0.7785636782646179 -0.7801185250282288
23200 -1.259056568145752 -1.2604804039001465
23600 -1.0355981588363647 -1.0374767780303955
24000 -1.671640157699585 -1.6732333898544312
24400 -1.119418978691101 -1.1208680868148804
24800 -1.108791708946228 -1.1103386878967285
25200 -1.5418375730514526 -1.5451574325561523
25600 -1.35500168800354 -1.356858730316162
26000 -1.1363991498947144 -1.1380432844161987
26400 -1.5919921398162842 -1.5944457054138184
26800 -1.131277322769165 -1.1327552795410156
27200 -1.268169641494751 -1.2703996896743774
27600 -1.6904242038726807 -1.6924399137496948
28000 -1.0626945495605469 -1.0648081302642822
28400 -1.2049341201782227 -1.2063558101654053
28800 -1.250753402709961 -1.2525354623794556
29200 -1.0539252758026123 -1.0555026531219482
29600 -0.9933329224586487 -0.995102047920227
30000 -1.0344346761703491 -1.0360628366470337
30400 -1.032728672027588 -1.0347084999084473
30800 -0.912976861000061 -0.9143239855766296
31200 -1.03261399269104 -1.0336902141571045
31600 -1.0821192264556885 -1.0836584568023682
32000 -1.3552298545837402 -1.357184886932373
32400 -1.3848767280578613 -1.386576771736145
32800 -0.8657588958740234 -0.8670974373817444
33200 -1.1127806901931763 -1.1143838167190552
33600 -0.9787325263023376 -0.9797452688217163
34000 -1.0398837327957153 -1.0408313274383545
34400 -1.3273664712905884 -1.329339623451233
34800 -1.0497708320617676 -1.051439881324768
35200 -1.2207560539245605 -1.222447395324707
35600 -1.4715195894241333 -1.4741240739822388
36000 -1.1136974096298218 -1.1152048110961914
36400 -0.8332849740982056 -0.8348535299301147
36800 -1.0415475368499756 -1.042479395866394
37200 -1.1641756296157837 -1.1654233932495117
37600 -1.383509635925293 -1.3851230144500732
38000 -1.5851582288742065 -1.5869210958480835
38400 -0.7559478282928467 -0.7571232914924622
38800 -1.1371527910232544 -1.1386148929595947
39200 -1.1744170188903809 -1.1756882667541504
39600 -1.224113941192627 -1.2254306077957153
40000 -0.9950606226921082 -0.996161937713623
40400 -1.0331934690475464 -1.0346379280090332
40800 -0.8731517791748047 -0.8740256428718567
41200 -0.7123205065727234 -0.7135996222496033
41600 -1.2503669261932373 -1.2516255378723145
42000 -0.9784423112869263 -0.9795924425125122
42400 -1.1095716953277588 -1.111708164215088
42800 -1.1652334928512573 -1.1664772033691406
43200 -0.9306361079216003 -0.9318075776100159
43600 -1.1312788724899292 -1.1322519779205322
44000 -0.8916287422180176 -0.8928952217102051
44400 -1.0106501579284668 -1.012449860572815
44800 -0.9857678413391113 -0.9869545698165894
45200 -0.9131253957748413 -0.9140953421592712
45600 -0.8964024782180786 -0.8972946405410767
46000 -1.098487138748169 -1.099454402923584
46400 -0.8447850942611694 -0.8462861180305481
46800 -0.9938657283782959 -0.9951343536376953
47200 -1.1406440734863281 -1.141692876815796
47600 -0.9520272016525269 -0.9528883099555969
48000 -1.047807216644287 -1.0489494800567627
48400 -0.9753949046134949 -0.9765542149543762
48800 -1.0970185995101929 -1.098231554031372
49200 -0.9449502229690552 -0.9462863802909851
49600 -0.8265048265457153 -0.827427089214325
50000 -0.792800784111023 -0.7935642004013062
50400 -1.036158800125122 -1.0376166105270386
50800 -0.8881629705429077 -0.889222264289856
51200 -1.138457179069519 -1.1393576860427856
51600 -1.2313487529754639 -1.2325507402420044
52000 -0.9444853663444519 -0.9454502463340759
52400 -0.9457603693008423 -0.9475600123405457
52800 -1.0690746307373047 -1.0703115463256836
53200 -0.9150302410125732 -0.9161829948425293
53600 -1.0011245012283325 -1.0019534826278687
54000 -0.9284632802009583 -0.9293382167816162
54400 -0.8124222755432129 -0.8137030005455017
54800 -0.9075290560722351 -0.9083249568939209
55200 -0.9052814841270447 -0.9062283039093018
55600 -0.9608643054962158 -0.9617133736610413
56000 -0.917096734046936 -0.9179616570472717
56400 -0.9555345773696899 -0.9564152359962463
56800 -0.7721750140190125 -0.7729811072349548
57200 -0.8049403429031372 -0.8057718873023987
57600 -1.0302337408065796 -1.031037449836731
58000 -1.049312710762024 -1.0503689050674438
58400 -0.7449710369110107 -0.7458307147026062
58800 -0.6684879064559937 -0.6696195006370544
59200 -0.845481276512146 -0.8463068604469299
59600 -0.9448362588882446 -0.9457945823669434
60000 -0.6953493356704712 -0.6958476901054382
60400 -0.6716307401657104 -0.6722538471221924
60800 -0.6959922909736633 -0.6965808868408203
61200 -0.6174308657646179 -0.6182613968849182
61600 -0.9717480540275574 -0.9727864265441895
62000 -0.7941226363182068 -0.7951123714447021
62400 -0.7821028232574463 -0.7825840711593628
62800 -0.7742802500724792 -0.7749705910682678
63200 -0.6475367546081543 -0.6483924388885498
63600 -0.6649049520492554 -0.6657767295837402
64000 -0.8012250661849976 -0.8017871975898743
64400 -0.7884419560432434 -0.7889775633811951
64800 -0.7306450009346008 -0.7313711047172546
65200 -0.7464067935943604 -0.7474514245986938
65600 -0.8725663423538208 -0.8731798529624939
66000 -0.7407861351966858 -0.7415109276771545
66400 -0.710601270198822 -0.7111062407493591
66800 -0.6255521774291992 -0.6261972784996033
67200 -0.8161020278930664 -0.8167693018913269
67600 -0.7142051458358765 -0.715222179889679
68000 -0.6653757691383362 -0.6662383079528809
68400 -0.6952069997787476 -0.696022629737854
68800 -0.6667088866233826 -0.6671906113624573
69200 -0.864579439163208 -0.8652402758598328
69600 -0.6463375091552734 -0.6473559141159058
70000 -0.6679275035858154 -0.668482780456543
70400 -0.7081466317176819 -0.7088155746459961
70800 -0.428086519241333 -0.4288261830806732
71200 -0.6910438537597656 -0.6914738416671753
71600 -0.623633086681366 -0.6239814758300781
72000 -0.7460229992866516 -0.7464497685432434
72400 -0.5452609062194824 -0.545982837677002
72800 -0.6619362831115723 -0.6625187397003174
73200 -0.7046142816543579 -0.7049582600593567
73600 -0.6116877794265747 -0.6122425198554993
74000 -0.5438413619995117 -0.5444824695587158
74400 -0.7808341383934021 -0.7813432812690735
74800 -0.7310132384300232 -0.7317150831222534
75200 -0.6605882048606873 -0.6609719395637512
75600 -0.5866780281066895 -0.5869988203048706
76000 -0.4847061038017273 -0.4850746989250183
76400 -0.5235668420791626 -0.5241647958755493
76800 -0.6803491115570068 -0.6807572245597839
77200 -0.6172283291816711 -0.6177516579627991
77600 -0.5476547479629517 -0.5478693842887878
78000 -0.5811161398887634 -0.5816175937652588
78400 -0.5402805805206299 -0.5408754348754883
78800 -0.6038400530815125 -0.604220986366272
79200 -0.6007585525512695 -0.6011288166046143
79600 -0.593076765537262 -0.5937443971633911
80000 -0.526951014995575 -0.5276017189025879
80400 -0.5181699991226196 -0.5189341306686401
80800 -0.5383543968200684 -0.538810670375824
81200 -0.483242005109787 -0.48388224840164185
81600 -0.4713438153266907 -0.4717629849910736
82000 -0.6151710748672485 -0.6155761480331421
82400 -0.7012478709220886 -0.7019464373588562
82800 -0.5630916953086853 -0.5639655590057373
83200 -0.5702462792396545 -0.5707353353500366
83600 -0.6661664843559265 -0.6669430732727051
84000 -0.50688236951828 -0.5072498917579651
84400 -0.455256849527359 -0.45551180839538574
84800 -0.5433715581893921 -0.5437487959861755
85200 -0.4925047755241394 -0.492903470993042
85600 -0.592756450176239 -0.5931599736213684
86000 -0.6734058260917664 -0.6737988591194153
86400 -0.6194040179252625 -0.6196764707565308
86800 -0.5346464514732361 -0.5348867774009705
87200 -0.47121238708496094 -0.47156015038490295
87600 -0.670684814453125 -0.6712675094604492
88000 -0.4922887086868286 -0.49252116680145264
88400 -0.5548638105392456 -0.5551429390907288
88800 -0.6143798232078552 -0.6150679588317871
89200 -0.4221799373626709 -0.4229919910430908
89600 -0.49228906631469727 -0.49252548813819885
90000 -0.6547621488571167 -0.6555255651473999
90400 -0.587763786315918 -0.5881802439689636
90800 -0.5448671579360962 -0.5451154708862305
91200 -0.5752309560775757 -0.5755249857902527
91600 -0.5216155648231506 -0.5219336152076721
92000 -0.5563578605651855 -0.5566972494125366
92400 -0.6245336532592773 -0.6250708103179932
92800 -0.5625452995300293 -0.5628499984741211
93200 -0.49848076701164246 -0.49874699115753174
93600 -0.47306203842163086 -0.4735209345817566
94000 -0.6138128638267517 -0.614183247089386
94400 -0.6078008413314819 -0.6081035137176514
94800 -0.37721356749534607 -0.37754204869270325
95200 -0.4448119103908539 -0.4451093077659607
95600 -0.26306551694869995 -0.2639210820198059
96000 -0.47250503301620483 -0.47281092405319214
96400 -0.5484574437141418 -0.5488497018814087
96800 -0.48631733655929565 -0.48661670088768005
97200 -0.5871531963348389 -0.5876197814941406
97600 -0.5719201564788818 -0.5727678537368774
98000 -0.6825080513954163 -0.6828855872154236
98400 -0.5128633379936218 -0.513189435005188
98800 -0.6411702036857605 -0.6416144967079163
99200 -0.49832800030708313 -0.4986472725868225
99600 -0.5260322093963623 -0.5262959003448486
100000 -0.5102990865707397 -0.5106416940689087
100400 -0.5724363923072815 -0.5726873874664307
100800 -0.5038326978683472 -0.5040771961212158
101200 -0.3594019412994385 -0.3596501350402832
101600 -0.4384356737136841 -0.4386431574821472
102000 -0.4253353774547577 -0.42562776803970337
102400 -0.35983890295028687 -0.3600771427154541
102800 -0.6394919157028198 -0.6399319767951965
103200 -0.5353239178657532 -0.5356976985931396
103600 -0.5561922788619995 -0.5565918684005737
104000 -0.5028860569000244 -0.5032932162284851
104400 -0.512954831123352 -0.5134677290916443
104800 -0.33018890023231506 -0.3304484486579895
105200 -0.5349045991897583 -0.5352290272712708
105600 -0.38006821274757385 -0.38022059202194214
106000 -0.5626115798950195 -0.5630115866661072
106400 -0.5144549608230591 -0.514918863773346
106800 -0.4268448054790497 -0.4273115396499634
107200 -0.3319943845272064 -0.3322446644306183
107600 -0.48876360058784485 -0.4892319440841675
108000 -0.4739878177642822 -0.47429823875427246
108400 -0.5672945976257324 -0.5675746202468872
108800 -0.4786882996559143 -0.4790806174278259
